<?xml version="1.0" encoding="UTF-8"?>
<!-- Generated by org.testng.reporters.JUnitXMLReporter -->
<testsuite ignored="0" hostname="BA-000311899" failures="0" tests="3" name="Default test" time="15.598" errors="0" timestamp="2023-12-04T15:06:17 IST">
  <testcase classname="Automation_ExtentReports.ExtentReport_Test01" name="config" time="0.583"/>
  <testcase classname="Automation_ExtentReports.ExtentReport_Test01" name="launchApplication" time="8.567"/>
  <testcase classname="Automation_ExtentReports.ExtentReport_Test01" name="launchNegtiveApplication" time="6.162"/>
</testsuite> <!-- Default test -->
