<?xml version="1.0" encoding="UTF-8"?>
<testng-results ignored="0" total="2" passed="2" failed="0" skipped="0">
  <reporter-output>
  </reporter-output>
  <suite started-at="2023-12-04T12:16:50 IST" name="Default suite" finished-at="2023-12-04T12:16:57 IST" duration-ms="7151">
    <groups>
    </groups>
    <test started-at="2023-12-04T12:16:50 IST" name="Default test" finished-at="2023-12-04T12:16:57 IST" duration-ms="7151">
      <class name="Automation_DataProvider_Using_JSON.DataProvider_Using_Json">
        <test-method is-config="true" signature="launchApplication()[pri:0, instance:Automation_DataProvider_Using_JSON.DataProvider_Using_Json@5bf8fa12]" started-at="2023-12-04T12:16:50 IST" name="launchApplication" finished-at="2023-12-04T12:16:55 IST" duration-ms="5473" status="PASS">
          <reporter-output>
          </reporter-output>
        </test-method> <!-- launchApplication -->
        <test-method signature="f(java.util.HashMap)[pri:0, instance:Automation_DataProvider_Using_JSON.DataProvider_Using_Json@5bf8fa12]" started-at="2023-12-04T12:16:55 IST" name="f" data-provider="getData" finished-at="2023-12-04T12:16:56 IST" duration-ms="706" status="PASS">
          <params>
            <param index="0">
              <value>
                <![CDATA[{passWord=learning, userName=rahulshettyacademy}]]>
              </value>
            </param>
          </params>
          <reporter-output>
          </reporter-output>
        </test-method> <!-- f -->
        <test-method signature="f(java.util.HashMap)[pri:0, instance:Automation_DataProvider_Using_JSON.DataProvider_Using_Json@5bf8fa12]" started-at="2023-12-04T12:16:56 IST" name="f" data-provider="getData" finished-at="2023-12-04T12:16:57 IST" duration-ms="415" status="PASS">
          <params>
            <param index="0">
              <value>
                <![CDATA[{passWord=learning, userName=rahulshettyacademy}]]>
              </value>
            </param>
          </params>
          <reporter-output>
          </reporter-output>
        </test-method> <!-- f -->
        <test-method is-config="true" signature="closeApplication()[pri:0, instance:Automation_DataProvider_Using_JSON.DataProvider_Using_Json@5bf8fa12]" started-at="2023-12-04T12:16:57 IST" name="closeApplication" finished-at="2023-12-04T12:16:57 IST" duration-ms="323" status="PASS">
          <reporter-output>
          </reporter-output>
        </test-method> <!-- closeApplication -->
      </class> <!-- Automation_DataProvider_Using_JSON.DataProvider_Using_Json -->
    </test> <!-- Default test -->
  </suite> <!-- Default suite -->
</testng-results>
